2020-07-31 15:15:20.600755 starting: opening plot_pst_helper.log for logging
2020-07-31 15:15:20.600755 plot_utils.pst_helper()
2020-07-31 15:15:20.600755 starting: plot pst_prior
2020-07-31 15:15:20.600755 starting: loading cov from parameter data
2020-07-31 15:15:20.616384 finished: loading cov from parameter data took: 0:00:00.015629
2020-07-31 15:15:20.616384 starting: building mean parameter values
2020-07-31 15:15:20.616384 finished: building mean parameter values took: 0:00:00
2020-07-31 15:15:20.616384 starting: building stdev parameter values
2020-07-31 15:15:20.632063 finished: building stdev parameter values took: 0:00:00.015679
2020-07-31 15:15:20.632063 starting: plotting priors for kp_inst:0_i:6_j:6,kp_inst:0_i:6_j:18,kp_inst:0_i:6_j:30,kp_inst:0_i:6_j:42,kp_inst:0_i:6_j:54,kp_inst:0_i:6_j:66,kp_inst:0_i:6_j:78,kp_inst:0_i:6_j:90,kp_inst:0_i:18_j:6,kp_inst:0_i:18_j:18,kp_inst:0_i:18_j:30,kp_inst:0_i:18_j:42,kp_inst:0_i:18_j:54,kp_inst:0_i:18_j:66,kp_inst:0_i:18_j:78,kp_inst:0_i:18_j:90,kp_inst:0_i:30_j:6,kp_inst:0_i:30_j:18,kp_inst:0_i:30_j:30,kp_inst:0_i:30_j:42,kp_inst:0_i:30_j:54,kp_inst:0_i:30_j:66,kp_inst:0_i:30_j:78,kp_inst:0_i:30_j:90,kp_inst:0_i:42_j:6,kp_inst:0_i:42_j:18,kp_inst:0_i:42_j:30,kp_inst:0_i:42_j:42,kp_inst:0_i:42_j:54,kp_inst:0_i:42_j:66,kp_inst:0_i:42_j:78,kp_inst:0_i:42_j:90,kp_inst:0_i:54_j:6,kp_inst:0_i:54_j:18,kp_inst:0_i:54_j:30,kp_inst:0_i:54_j:42,kp_inst:0_i:54_j:54,kp_inst:0_i:54_j:66,kp_inst:0_i:54_j:78,kp_inst:0_i:54_j:90,kp_inst:0_i:66_j:6,kp_inst:0_i:66_j:18,kp_inst:0_i:66_j:30,kp_inst:0_i:66_j:42,kp_inst:0_i:66_j:54,kp_inst:0_i:66_j:66,kp_inst:0_i:66_j:78,kp_inst:0_i:66_j:90,kp_inst:0_i:78_j:6,kp_inst:0_i:78_j:18,kp_inst:0_i:78_j:30,kp_inst:0_i:78_j:42,kp_inst:0_i:78_j:54,kp_inst:0_i:78_j:66,kp_inst:0_i:78_j:78,kp_inst:0_i:78_j:90,kp_inst:0_i:90_j:6,kp_inst:0_i:90_j:18,kp_inst:0_i:90_j:30,kp_inst:0_i:90_j:42,kp_inst:0_i:90_j:54,kp_inst:0_i:90_j:66,kp_inst:0_i:90_j:78,kp_inst:0_i:90_j:90
2020-07-31 15:15:20.779181 finished: plotting priors for kp_inst:0_i:6_j:6,kp_inst:0_i:6_j:18,kp_inst:0_i:6_j:30,kp_inst:0_i:6_j:42,kp_inst:0_i:6_j:54,kp_inst:0_i:6_j:66,kp_inst:0_i:6_j:78,kp_inst:0_i:6_j:90,kp_inst:0_i:18_j:6,kp_inst:0_i:18_j:18,kp_inst:0_i:18_j:30,kp_inst:0_i:18_j:42,kp_inst:0_i:18_j:54,kp_inst:0_i:18_j:66,kp_inst:0_i:18_j:78,kp_inst:0_i:18_j:90,kp_inst:0_i:30_j:6,kp_inst:0_i:30_j:18,kp_inst:0_i:30_j:30,kp_inst:0_i:30_j:42,kp_inst:0_i:30_j:54,kp_inst:0_i:30_j:66,kp_inst:0_i:30_j:78,kp_inst:0_i:30_j:90,kp_inst:0_i:42_j:6,kp_inst:0_i:42_j:18,kp_inst:0_i:42_j:30,kp_inst:0_i:42_j:42,kp_inst:0_i:42_j:54,kp_inst:0_i:42_j:66,kp_inst:0_i:42_j:78,kp_inst:0_i:42_j:90,kp_inst:0_i:54_j:6,kp_inst:0_i:54_j:18,kp_inst:0_i:54_j:30,kp_inst:0_i:54_j:42,kp_inst:0_i:54_j:54,kp_inst:0_i:54_j:66,kp_inst:0_i:54_j:78,kp_inst:0_i:54_j:90,kp_inst:0_i:66_j:6,kp_inst:0_i:66_j:18,kp_inst:0_i:66_j:30,kp_inst:0_i:66_j:42,kp_inst:0_i:66_j:54,kp_inst:0_i:66_j:66,kp_inst:0_i:66_j:78,kp_inst:0_i:66_j:90,kp_inst:0_i:78_j:6,kp_inst:0_i:78_j:18,kp_inst:0_i:78_j:30,kp_inst:0_i:78_j:42,kp_inst:0_i:78_j:54,kp_inst:0_i:78_j:66,kp_inst:0_i:78_j:78,kp_inst:0_i:78_j:90,kp_inst:0_i:90_j:6,kp_inst:0_i:90_j:18,kp_inst:0_i:90_j:30,kp_inst:0_i:90_j:42,kp_inst:0_i:90_j:54,kp_inst:0_i:90_j:66,kp_inst:0_i:90_j:78,kp_inst:0_i:90_j:90 took: 0:00:00.147118
2020-07-31 15:15:20.932862 finished: plot pst_prior took: 0:00:00.332107
2020-07-31 15:15:20.932862 starting: plot res_1to1
2020-07-31 15:15:20.932862 starting: plotting 1to1 for obgnme
2020-07-31 15:15:20.932862 using control file obsvals to calculate residuals
2020-07-31 15:15:21.079993 finished: plotting 1to1 for obgnme took: 0:00:00.147131
2020-07-31 15:15:21.233665 finished: plot res_1to1 took: 0:00:00.300803
2020-07-31 15:15:21.233665 starting: plot res_phi_pie
2020-07-31 15:15:21.264926 finished: plot res_phi_pie took: 0:00:00.031261
2020-07-31 15:15:21.296175 starting: plot phi_progress
2020-07-31 15:15:21.402983 finished: plot phi_progress took: 0:00:00.106808
