                                   MODFLOW 6
                U.S. GEOLOGICAL SURVEY MODULAR HYDROLOGIC MODEL
                            VERSION 6.0.4 03/13/2019

   MODFLOW 6 compiled Mar 21 2019 15:37:31 with IFORT compiler (ver. 19.0.0)

This software has been approved for release by the U.S. Geological 
Survey (USGS). Although the software has been subjected to rigorous 
review, the USGS reserves the right to update the software as needed 
pursuant to further analysis and review. No warranty, expressed or 
implied, is made by the USGS or the U.S. Government as to the 
functionality of the software and related material nor shall the 
fact of release constitute any such warranty. Furthermore, the 
software is released on condition that neither the USGS nor the U.S. 
Government shall be held liable for any damages resulting from its 
authorized or unauthorized use. Also refer to the USGS Water 
Resources Software User Rights Notice for complete use, copyright, 
and distribution information.


System command used to initiate simulation:
../../../../exe/mf6.exe

MODFLOW was compiled using uniform precision.
Real Variables
  PRECISION: 15
  KIND: 8
  TINY (smallest non-zero value):    2.225074-308
  HUGE (largest value):    1.797693+308
Integer Variables
  KIND: 4
  HUGE (largest value): 2147483647
  BIT_SIZE: 32
 

 OPENED mfsim.nam
 FILE TYPE:NAM   UNIT 1001   STATUS:OLD                 
 FORMAT:FORMATTED              ACCESS:SEQUENTIAL          
 ACTION:READ                

 # File generated by Flopy version 3.3.2 on 01/09/2021 at 16:13:16.

 READING SIMULATION OPTIONS
 END OF SIMULATION OPTIONS

 READING SIMULATION TIMING

 OPENED tuto_BC.tdis
 FILE TYPE:TDIS   UNIT 1002   STATUS:OLD                 
 FORMAT:FORMATTED              ACCESS:SEQUENTIAL          
 ACTION:READ                


 TDIS -- TEMPORAL DISCRETIZATION PACKAGE,
 VERSION 1 : 11/13/2014 - INPUT READ FROM UNIT 1002
 # File generated by Flopy version 3.3.2 on 01/09/2021 at 16:13:16.
 PROCESSING TDIS OPTIONS
    SIMULATION TIME UNIT IS SECONDS
 END OF TDIS OPTIONS
 PROCESSING TDIS DIMENSIONS
    1 STRESS PERIOD(S) IN SIMULATION
 END OF TDIS DIMENSIONS
 PROCESSING TDIS PERIODDATA


 STRESS PERIOD     LENGTH       TIME STEPS     MULTIPLIER FOR DELT
 ----------------------------------------------------------------------------
        1         1.000000          1                    1.000
 END OF TDIS PERIODDATA
 END OF SIMULATION TIMING

 READING SIMULATION MODELS
    GWF6 model TUTO_BC will be created as model 1
 END OF SIMULATION MODELS

 READING SIMULATION EXCHANGES
 END OF SIMULATION EXCHANGES

 READING SOLUTIONGROUP

 Creating solution: SLN_1           

 OPENED tuto_BC.ims
 FILE TYPE:IMS   UNIT 1016   STATUS:OLD                 
 FORMAT:FORMATTED              ACCESS:SEQUENTIAL          
 ACTION:READ                

 END OF SIMULATION SOLUTIONGROUP

 IMS -- ITERATIVE MODEL SOLUTION PACKAGE, VERSION 6, 4/28/2017
         INPUT READ FROM UNIT 1016
 # File generated by Flopy version 3.3.2 on 01/09/2021 at 16:13:16.

 PROCESSING IMS OPTIONS
 SIMPLE OPTION:
 DEFAULT SOLVER INPUT VALUES FOR FAST SOLUTIONS
 END OF IMS OPTIONS
 ***UNDER-RELAXATION WILL NOT BE USED***
 
 ***IMS LINEAR SOLVER WILL BE USED***

 IMSLINEAR -- UNSTRUCTURED LINEAR SOLUTION PACKAGE, VERSION 8, 04/28/2017
 
 OUTER ITERATION CONVERGENCE CRITERION     (HCLOSE) =    0.100000E-02
 OUTER ITERATION BOUNDARY FLOW RESIDUAL (RCLOSEBND) =    0.100000E+00
 MAXIMUM NUMBER OF OUTER ITERATIONS        (MXITER) =        25
 SOLVER PRINTOUT INDEX                     (IPRIMS) =         1
 NONLINEAR ITERATION METHOD            (NONLINMETH) =         0
 LINEAR SOLUTION METHOD                   (LINMETH) =         1

       SOLUTION BY THE        CONJUGATE-GRADIENT       METHOD
 ------------------------------------------------------------------
 MAXIMUM OF     25 CALLS OF SOLUTION ROUTINE
 MAXIMUM OF     50 INTERNAL ITERATIONS PER CALL TO SOLUTION ROUTINE
 LINEAR ACCELERATION METHOD            = CG        
 MATRIX PRECONDITIONING TYPE           = INCOMPLETE LU       
 MATRIX SCALING APPROACH               = NO SCALING          
 MATRIX REORDERING APPROACH            = ORIGINAL ORDERING        
 NUMBER OF ORTHOGONALIZATIONS          =        0
 HEAD CHANGE CRITERION FOR CLOSURE     =    0.10000E-02
 RESIDUAL CHANGE CRITERION FOR CLOSURE =    0.10000E+00
 RESIDUAL CONVERGENCE OPTION           =        0
 RESIDUAL CONVERGENCE NORM             = INFINITY NORM   
 RELAXATION FACTOR                     =    0.00000E+00



1
                            STRESS PERIOD NO.    1, LENGTH =   1.000000    
                            -----------------------------------------------

                              NUMBER OF TIME STEPS =     1

                               MULTIPLIER FOR DELT =     1.000

                            INITIAL TIME STEP SIZE =   1.000000    


 OUTER ITERATION SUMMARY
 ---------------------------------------------------------------------------------------
                       OUTER     INNER         MAXIMUM                    MAXIMUM CHANGE
                   ITERATION ITERATION          CHANGE                    MODEL-(CELLID)
 ---------------------------------------------------------------------------------------
 Linear Solver             1        44     858.503                       1_GWF-(1,30,40)
 Under-relaxation          1               858.503                       1_GWF-(1,30,40)
 Linear Solver             2        38    -852.504                       1_GWF-(1,30,40)
 Under-relaxation          2              -852.504                       1_GWF-(1,30,40)
 Linear Solver             3        10    2.041408E-02                   1_GWF-(1,15,21)
 Under-relaxation          3              2.041408E-02                   1_GWF-(1,15,21)
 Linear Solver             4         1   -3.370833E-04                   1_GWF-(2,30,29)

 4 CALLS TO NUMERICAL SOLUTION IN TIME STEP 1 STRESS PERIOD 1
 93 TOTAL ITERATIONS

 INFORMATION ON VARIABLES STORED IN THE MEMORY MANAGER
 
 Number of allocated integer variables:   179082
 Number of allocated real variables:    203618
 Allocated memory in megabytes:     2.34527    
 

 Run end date and time (yyyy/mm/dd hh:mm:ss): 2021/01/09 16:13:16
 Elapsed run time:  0.147 Seconds

 Normal termination of simulation.
